<?xml version="1.0" encoding="UTF-8"?>
<!-- Generated by org.testng.reporters.JUnitXMLReporter -->
<testsuite ignored="0" hostname="LAPTOP-A509SO4O" failures="0" tests="4" name="TaskManagerTest2" time="0.099" errors="0" timestamp="2025-07-15T15:03:29 CLT">
  <testcase classname="cl.kibernumacademy.taskmanager.services.TaskManagerTest" name="testAddTask" time="0.007"/>
  <testcase classname="cl.kibernumacademy.taskmanager.services.TaskManagerTest" name="testChangeStatus_Failed" time="0.0"/>
  <testcase classname="cl.kibernumacademy.taskmanager.services.TaskManagerTest" name="testChangeStatus_Successful" time="0.001"/>
  <testcase classname="cl.kibernumacademy.taskmanager.services.TaskManagerTest" name="testFilterByStatus" time="0.005"/>
</testsuite> <!-- TaskManagerTest2 -->
