<?xml version="1.0" encoding="UTF-8"?>
<!-- Generated by org.testng.reporters.JUnitXMLReporter -->
<testsuite ignored="0" hostname="LAPTOP-A509SO4O" failures="0" tests="4" name="TaskManagerTest1" time="0.153" errors="0" timestamp="2025-07-15T12:25:19 CLT">
  <testcase classname="cl.kibernumacademy.taskmanager.services.TaskManagerTest" name="testAddTask" time="0.01"/>
  <testcase classname="cl.kibernumacademy.taskmanager.services.TaskManagerTest" name="testChangeStatus_Failed" time="0.001"/>
  <testcase classname="cl.kibernumacademy.taskmanager.services.TaskManagerTest" name="testChangeStatus_Successful" time="0.002"/>
  <testcase classname="cl.kibernumacademy.taskmanager.services.TaskManagerTest" name="testFilterByStatus" time="0.026"/>
</testsuite> <!-- TaskManagerTest1 -->
