<?xml version="1.0" encoding="UTF-8"?>
<testsuite xmlns:xsi="http://www.w3.org/2001/XMLSchema-instance" xsi:noNamespaceSchemaLocation="https://maven.apache.org/surefire/maven-surefire-plugin/xsd/surefire-test-report.xsd" name="TestSuite" time="1.374" tests="8" errors="0" skipped="0" failures="0">
  <properties>
[...]
</properties>
  <testcase name="testAddTask" classname="cl.kibernumacademy.taskmanager.services.TaskManagerTest" time="0.018"/>
  <testcase name="testAddTask" classname="cl.kibernumacademy.taskmanager.services.TaskManagerTest" time="0.02"/>
  <testcase name="testChangeStatus_Failed" classname="cl.kibernumacademy.taskmanager.services.TaskManagerTest" time="0"/>
  <testcase name="testChangeStatus_Failed" classname="cl.kibernumacademy.taskmanager.services.TaskManagerTest" time="0"/>
  <testcase name="testChangeStatus_Successful" classname="cl.kibernumacademy.taskmanager.services.TaskManagerTest" time="0.002"/>
  <testcase name="testChangeStatus_Successful" classname="cl.kibernumacademy.taskmanager.services.TaskManagerTest" time="0.002"/>
  <testcase name="testFilterByStatus" classname="cl.kibernumacademy.taskmanager.services.TaskManagerTest" time="0.026"/>
  <testcase name="testFilterByStatus" classname="cl.kibernumacademy.taskmanager.services.TaskManagerTest" time="0.028"/>
</testsuite>